
Note: Setting PKG_ROOT variable to the current directory.
Output will be in ./lib, ./build and ./libsonly subdirectories.
If it is not, maybe your local singularity configuration does
not allow singularity container to access your current directory;
it may help to try with PKG_ROOT=/tmp or check the configurarion.

source("/opt/rchk/scripts/utils.r"); install_package_libs("/home/kingaa/projects/Rpkg/pomp/pomp_5.7.0.2.tar.gz")
make[2]: Entering directory '/home/kingaa/projects/Rpkg/pomp/rchk/build/QeBvP5GL/pomp/src'
/usr/local/bin/wllvm -I"/opt/R-devel/include" -DNDEBUG   -I/usr/local/include   -fPIC  -Wall -g -O0 -fPIC  -c bspline.c -o bspline.o
/usr/local/bin/wllvm -I"/opt/R-devel/include" -DNDEBUG   -I/usr/local/include   -fPIC  -Wall -g -O0 -fPIC  -c dinit.c -o dinit.o
/usr/local/bin/wllvm -I"/opt/R-devel/include" -DNDEBUG   -I/usr/local/include   -fPIC  -Wall -g -O0 -fPIC  -c distributions.c -o distributions.o
/usr/local/bin/wllvm -I"/opt/R-devel/include" -DNDEBUG   -I/usr/local/include   -fPIC  -Wall -g -O0 -fPIC  -c dmeasure.c -o dmeasure.o
/usr/local/bin/wllvm -I"/opt/R-devel/include" -DNDEBUG   -I/usr/local/include   -fPIC  -Wall -g -O0 -fPIC  -c dprior.c -o dprior.o
/usr/local/bin/wllvm -I"/opt/R-devel/include" -DNDEBUG   -I/usr/local/include   -fPIC  -Wall -g -O0 -fPIC  -c dprocess.c -o dprocess.o
/usr/local/bin/wllvm -I"/opt/R-devel/include" -DNDEBUG   -I/usr/local/include   -fPIC  -Wall -g -O0 -fPIC  -c emeasure.c -o emeasure.o
/usr/local/bin/wllvm -I"/opt/R-devel/include" -DNDEBUG   -I/usr/local/include   -fPIC  -Wall -g -O0 -fPIC  -c euler.c -o euler.o
/usr/local/bin/wllvm -I"/opt/R-devel/include" -DNDEBUG   -I/usr/local/include   -fPIC  -Wall -g -O0 -fPIC  -c gompertz.c -o gompertz.o
/usr/local/bin/wllvm -I"/opt/R-devel/include" -DNDEBUG   -I/usr/local/include   -fPIC  -Wall -g -O0 -fPIC  -c init.c -o init.o
/usr/local/bin/wllvm -I"/opt/R-devel/include" -DNDEBUG   -I/usr/local/include   -fPIC  -Wall -g -O0 -fPIC  -c logmeanexp.c -o logmeanexp.o
/usr/local/bin/wllvm -I"/opt/R-devel/include" -DNDEBUG   -I/usr/local/include   -fPIC  -Wall -g -O0 -fPIC  -c lookup_table.c -o lookup_table.o
/usr/local/bin/wllvm -I"/opt/R-devel/include" -DNDEBUG   -I/usr/local/include   -fPIC  -Wall -g -O0 -fPIC  -c mif2.c -o mif2.o
/usr/local/bin/wllvm -I"/opt/R-devel/include" -DNDEBUG   -I/usr/local/include   -fPIC  -Wall -g -O0 -fPIC  -c ou2.c -o ou2.o
/usr/local/bin/wllvm -I"/opt/R-devel/include" -DNDEBUG   -I/usr/local/include   -fPIC  -Wall -g -O0 -fPIC  -c partrans.c -o partrans.o
/usr/local/bin/wllvm -I"/opt/R-devel/include" -DNDEBUG   -I/usr/local/include   -fPIC  -Wall -g -O0 -fPIC  -c pfilter.c -o pfilter.o
/usr/local/bin/wllvm -I"/opt/R-devel/include" -DNDEBUG   -I/usr/local/include   -fPIC  -Wall -g -O0 -fPIC  -c pomp_fun.c -o pomp_fun.o
/usr/local/bin/wllvm -I"/opt/R-devel/include" -DNDEBUG   -I/usr/local/include   -fPIC  -Wall -g -O0 -fPIC  -c probe.c -o probe.o
/usr/local/bin/wllvm -I"/opt/R-devel/include" -DNDEBUG   -I/usr/local/include   -fPIC  -Wall -g -O0 -fPIC  -c probe_acf.c -o probe_acf.o
/usr/local/bin/wllvm -I"/opt/R-devel/include" -DNDEBUG   -I/usr/local/include   -fPIC  -Wall -g -O0 -fPIC  -c probe_marginal.c -o probe_marginal.o
/usr/local/bin/wllvm -I"/opt/R-devel/include" -DNDEBUG   -I/usr/local/include   -fPIC  -Wall -g -O0 -fPIC  -c probe_nlar.c -o probe_nlar.o
/usr/local/bin/wllvm -I"/opt/R-devel/include" -DNDEBUG   -I/usr/local/include   -fPIC  -Wall -g -O0 -fPIC  -c resample.c -o resample.o
/usr/local/bin/wllvm -I"/opt/R-devel/include" -DNDEBUG   -I/usr/local/include   -fPIC  -Wall -g -O0 -fPIC  -c rinit.c -o rinit.o
/usr/local/bin/wllvm -I"/opt/R-devel/include" -DNDEBUG   -I/usr/local/include   -fPIC  -Wall -g -O0 -fPIC  -c rmeasure.c -o rmeasure.o
/usr/local/bin/wllvm -I"/opt/R-devel/include" -DNDEBUG   -I/usr/local/include   -fPIC  -Wall -g -O0 -fPIC  -c rprior.c -o rprior.o
/usr/local/bin/wllvm -I"/opt/R-devel/include" -DNDEBUG   -I/usr/local/include   -fPIC  -Wall -g -O0 -fPIC  -c rprocess.c -o rprocess.o
/usr/local/bin/wllvm -I"/opt/R-devel/include" -DNDEBUG   -I/usr/local/include   -fPIC  -Wall -g -O0 -fPIC  -c simulate.c -o simulate.o
/usr/local/bin/wllvm -I"/opt/R-devel/include" -DNDEBUG   -I/usr/local/include   -fPIC  -Wall -g -O0 -fPIC  -c skeleton.c -o skeleton.o
/usr/local/bin/wllvm -I"/opt/R-devel/include" -DNDEBUG   -I/usr/local/include   -fPIC  -Wall -g -O0 -fPIC  -c sobolseq.c -o sobolseq.o
/usr/local/bin/wllvm -I"/opt/R-devel/include" -DNDEBUG   -I/usr/local/include   -fPIC  -Wall -g -O0 -fPIC  -c ssa.c -o ssa.o
/usr/local/bin/wllvm -I"/opt/R-devel/include" -DNDEBUG   -I/usr/local/include   -fPIC  -Wall -g -O0 -fPIC  -c synth_lik.c -o synth_lik.o
/usr/local/bin/wllvm -I"/opt/R-devel/include" -DNDEBUG   -I/usr/local/include   -fPIC  -Wall -g -O0 -fPIC  -c trajectory.c -o trajectory.o
/usr/local/bin/wllvm -I"/opt/R-devel/include" -DNDEBUG   -I/usr/local/include   -fPIC  -Wall -g -O0 -fPIC  -c transformations.c -o transformations.o
/usr/local/bin/wllvm -I"/opt/R-devel/include" -DNDEBUG   -I/usr/local/include   -fPIC  -Wall -g -O0 -fPIC  -c userdata.c -o userdata.o
/usr/local/bin/wllvm -I"/opt/R-devel/include" -DNDEBUG   -I/usr/local/include   -fPIC  -Wall -g -O0 -fPIC  -c vmeasure.c -o vmeasure.o
/usr/local/bin/wllvm -I"/opt/R-devel/include" -DNDEBUG   -I/usr/local/include   -fPIC  -Wall -g -O0 -fPIC  -c wpfilter.c -o wpfilter.o
/usr/local/bin/wllvm -shared -L/usr/local/lib -o pomp.so bspline.o dinit.o distributions.o dmeasure.o dprior.o dprocess.o emeasure.o euler.o gompertz.o init.o logmeanexp.o lookup_table.o mif2.o ou2.o partrans.o pfilter.o pomp_fun.o probe.o probe_acf.o probe_marginal.o probe_nlar.o resample.o rinit.o rmeasure.o rprior.o rprocess.o simulate.o skeleton.o sobolseq.o ssa.o synth_lik.o trajectory.o transformations.o userdata.o vmeasure.o wpfilter.o -L/opt/R-devel/lib -lRlapack -L/opt/R-devel/lib -lRblas -lgfortran -lm -lquadmath
make[2]: Leaving directory '/home/kingaa/projects/Rpkg/pomp/rchk/build/QeBvP5GL/pomp/src'
Installed libraries of package  pomp 
[1] "/home/kingaa/projects/Rpkg/pomp/rchk/libsonly/pomp/libs/pomp.so"

ERROR: too many states (abstraction error?) in function strptime_internal
Analyzed 263 functions, traversed 9506 states.
Library name (usually package name): pomp
Initialization function: R_init_pomp
Functions: 45
Checked call to R_registerRoutines: 1

Rchk version: 3d653b7c8f92dac912532856b55f44d2986c6553
R version: 79896/R Under development (unstable) (2021-01-28 r79896)
LLVM version: 10.0.0
